<?xml version="1.0" encoding="UTF-8"?>
<<<<<<< HEAD
<testsuite xmlns:xsi="http://www.w3.org/2001/XMLSchema-instance" xsi:noNamespaceSchemaLocation="https://maven.apache.org/surefire/maven-surefire-plugin/xsd/surefire-test-report-3.0.xsd" version="3.0" name="edu.brown.cs.student.main.NearestFountainTest" time="0.429" tests="1" errors="0" skipped="0" failures="0">
=======
<testsuite xmlns:xsi="http://www.w3.org/2001/XMLSchema-instance" xsi:noNamespaceSchemaLocation="https://maven.apache.org/surefire/maven-surefire-plugin/xsd/surefire-test-report-3.0.xsd" version="3.0" name="edu.brown.cs.student.main.NearestFountainTest" time="0.847" tests="1" errors="0" skipped="0" failures="0">
>>>>>>> cb2d56ff (reviews addinggit add -A)
  <properties>
    <property name="java.specification.version" value="17"/>
    <property name="sun.jnu.encoding" value="UTF-8"/>
    <property name="java.class.path" value="/Users/manuelquezada/Desktop/browncs/course/cs0320/projects/term-project-cpelling-ehinds3-mfleisc1-mquezad1/backend/target/test-classes:/Users/manuelquezada/Desktop/browncs/course/cs0320/projects/term-project-cpelling-ehinds3-mfleisc1-mquezad1/backend/target/classes:/Users/manuelquezada/.m2/repository/com/vaadin/external/google/android-json/0.0.20131108.vaadin1/android-json-0.0.20131108.vaadin1.jar:/Users/manuelquezada/.m2/repository/net/sf/jopt-simple/jopt-simple/6.0-alpha-3/jopt-simple-6.0-alpha-3.jar:/Users/manuelquezada/.m2/repository/junit/junit/4.13/junit-4.13.jar:/Users/manuelquezada/.m2/repository/org/hamcrest/hamcrest-core/1.3/hamcrest-core-1.3.jar:/Users/manuelquezada/.m2/repository/org/hamcrest/hamcrest-all/1.3/hamcrest-all-1.3.jar:/Users/manuelquezada/.m2/repository/org/slf4j/slf4j-api/2.0.0-alpha1/slf4j-api-2.0.0-alpha1.jar:/Users/manuelquezada/.m2/repository/org/slf4j/slf4j-jdk14/2.0.0-alpha1/slf4j-jdk14-2.0.0-alpha1.jar:/Users/manuelquezada/.m2/repository/com/google/guava/guava/28.2-jre/guava-28.2-jre.jar:/Users/manuelquezada/.m2/repository/com/google/guava/failureaccess/1.0.1/failureaccess-1.0.1.jar:/Users/manuelquezada/.m2/repository/com/google/guava/listenablefuture/9999.0-empty-to-avoid-conflict-with-guava/listenablefuture-9999.0-empty-to-avoid-conflict-with-guava.jar:/Users/manuelquezada/.m2/repository/com/google/code/findbugs/jsr305/3.0.2/jsr305-3.0.2.jar:/Users/manuelquezada/.m2/repository/org/checkerframework/checker-qual/2.10.0/checker-qual-2.10.0.jar:/Users/manuelquezada/.m2/repository/com/google/errorprone/error_prone_annotations/2.3.4/error_prone_annotations-2.3.4.jar:/Users/manuelquezada/.m2/repository/com/google/j2objc/j2objc-annotations/1.3/j2objc-annotations-1.3.jar:/Users/manuelquezada/.m2/repository/com/google/code/gson/gson/2.8.6/gson-2.8.6.jar:/Users/manuelquezada/.m2/repository/com/sparkjava/spark-core/2.9.1/spark-core-2.9.1.jar:/Users/manuelquezada/.m2/repository/org/eclipse/jetty/jetty-server/9.4.18.v20190429/jetty-server-9.4.18.v20190429.jar:/Users/manuelquezada/.m2/repository/javax/servlet/javax.servlet-api/3.1.0/javax.servlet-api-3.1.0.jar:/Users/manuelquezada/.m2/repository/org/eclipse/jetty/jetty-http/9.4.18.v20190429/jetty-http-9.4.18.v20190429.jar:/Users/manuelquezada/.m2/repository/org/eclipse/jetty/jetty-util/9.4.18.v20190429/jetty-util-9.4.18.v20190429.jar:/Users/manuelquezada/.m2/repository/org/eclipse/jetty/jetty-io/9.4.18.v20190429/jetty-io-9.4.18.v20190429.jar:/Users/manuelquezada/.m2/repository/org/eclipse/jetty/jetty-webapp/9.4.18.v20190429/jetty-webapp-9.4.18.v20190429.jar:/Users/manuelquezada/.m2/repository/org/eclipse/jetty/jetty-xml/9.4.18.v20190429/jetty-xml-9.4.18.v20190429.jar:/Users/manuelquezada/.m2/repository/org/eclipse/jetty/jetty-servlet/9.4.18.v20190429/jetty-servlet-9.4.18.v20190429.jar:/Users/manuelquezada/.m2/repository/org/eclipse/jetty/jetty-security/9.4.18.v20190429/jetty-security-9.4.18.v20190429.jar:/Users/manuelquezada/.m2/repository/org/eclipse/jetty/websocket/websocket-server/9.4.18.v20190429/websocket-server-9.4.18.v20190429.jar:/Users/manuelquezada/.m2/repository/org/eclipse/jetty/websocket/websocket-common/9.4.18.v20190429/websocket-common-9.4.18.v20190429.jar:/Users/manuelquezada/.m2/repository/org/eclipse/jetty/websocket/websocket-client/9.4.18.v20190429/websocket-client-9.4.18.v20190429.jar:/Users/manuelquezada/.m2/repository/org/eclipse/jetty/jetty-client/9.4.18.v20190429/jetty-client-9.4.18.v20190429.jar:/Users/manuelquezada/.m2/repository/org/eclipse/jetty/websocket/websocket-servlet/9.4.18.v20190429/websocket-servlet-9.4.18.v20190429.jar:/Users/manuelquezada/.m2/repository/org/eclipse/jetty/websocket/websocket-api/9.4.18.v20190429/websocket-api-9.4.18.v20190429.jar:/Users/manuelquezada/.m2/repository/com/sparkjava/spark-template-freemarker/2.7.1/spark-template-freemarker-2.7.1.jar:/Users/manuelquezada/.m2/repository/org/freemarker/freemarker/2.3.26-incubating/freemarker-2.3.26-incubating.jar:/Users/manuelquezada/.m2/repository/org/xerial/sqlite-jdbc/3.30.1/sqlite-jdbc-3.30.1.jar:"/>
    <property name="java.vm.vendor" value="Oracle Corporation"/>
    <property name="sun.arch.data.model" value="64"/>
    <property name="java.vendor.url" value="https://java.oracle.com/"/>
    <property name="os.name" value="Mac OS X"/>
    <property name="java.vm.specification.version" value="17"/>
    <property name="sun.java.launcher" value="SUN_STANDARD"/>
    <property name="user.country" value="US"/>
    <property name="sun.boot.library.path" value="/Library/Java/JavaVirtualMachines/jdk-17.0.2.jdk/Contents/Home/lib"/>
<<<<<<< HEAD
    <property name="sun.java.command" value="/Users/manuelquezada/Desktop/browncs/course/cs0320/projects/term-project-cpelling-ehinds3-mfleisc1-mquezad1/backend/target/surefire/surefirebooter16383670099108589538.jar /Users/manuelquezada/Desktop/browncs/course/cs0320/projects/term-project-cpelling-ehinds3-mfleisc1-mquezad1/backend/target/surefire 2022-05-10T20-23-00_661-jvmRun1 surefire11829463784266231349tmp surefire_016302166967779938426tmp"/>
=======
    <property name="sun.java.command" value="/Users/mayafleischer/Desktop/cs32/term-project-cpelling-ehinds3-mfleisc1-mquezad1/backend/target/surefire/surefirebooter16910907246309609655.jar /Users/mayafleischer/Desktop/cs32/term-project-cpelling-ehinds3-mfleisc1-mquezad1/backend/target/surefire 2022-05-10T21-13-27_480-jvmRun1 surefire16523537254753697042tmp surefire_012938177505188559494tmp"/>
>>>>>>> cb2d56ff (reviews addinggit add -A)
    <property name="http.nonProxyHosts" value="local|*.local|169.254/16|*.169.254/16"/>
    <property name="jdk.debug" value="release"/>
    <property name="surefire.test.class.path" value="/Users/manuelquezada/Desktop/browncs/course/cs0320/projects/term-project-cpelling-ehinds3-mfleisc1-mquezad1/backend/target/test-classes:/Users/manuelquezada/Desktop/browncs/course/cs0320/projects/term-project-cpelling-ehinds3-mfleisc1-mquezad1/backend/target/classes:/Users/manuelquezada/.m2/repository/com/vaadin/external/google/android-json/0.0.20131108.vaadin1/android-json-0.0.20131108.vaadin1.jar:/Users/manuelquezada/.m2/repository/net/sf/jopt-simple/jopt-simple/6.0-alpha-3/jopt-simple-6.0-alpha-3.jar:/Users/manuelquezada/.m2/repository/junit/junit/4.13/junit-4.13.jar:/Users/manuelquezada/.m2/repository/org/hamcrest/hamcrest-core/1.3/hamcrest-core-1.3.jar:/Users/manuelquezada/.m2/repository/org/hamcrest/hamcrest-all/1.3/hamcrest-all-1.3.jar:/Users/manuelquezada/.m2/repository/org/slf4j/slf4j-api/2.0.0-alpha1/slf4j-api-2.0.0-alpha1.jar:/Users/manuelquezada/.m2/repository/org/slf4j/slf4j-jdk14/2.0.0-alpha1/slf4j-jdk14-2.0.0-alpha1.jar:/Users/manuelquezada/.m2/repository/com/google/guava/guava/28.2-jre/guava-28.2-jre.jar:/Users/manuelquezada/.m2/repository/com/google/guava/failureaccess/1.0.1/failureaccess-1.0.1.jar:/Users/manuelquezada/.m2/repository/com/google/guava/listenablefuture/9999.0-empty-to-avoid-conflict-with-guava/listenablefuture-9999.0-empty-to-avoid-conflict-with-guava.jar:/Users/manuelquezada/.m2/repository/com/google/code/findbugs/jsr305/3.0.2/jsr305-3.0.2.jar:/Users/manuelquezada/.m2/repository/org/checkerframework/checker-qual/2.10.0/checker-qual-2.10.0.jar:/Users/manuelquezada/.m2/repository/com/google/errorprone/error_prone_annotations/2.3.4/error_prone_annotations-2.3.4.jar:/Users/manuelquezada/.m2/repository/com/google/j2objc/j2objc-annotations/1.3/j2objc-annotations-1.3.jar:/Users/manuelquezada/.m2/repository/com/google/code/gson/gson/2.8.6/gson-2.8.6.jar:/Users/manuelquezada/.m2/repository/com/sparkjava/spark-core/2.9.1/spark-core-2.9.1.jar:/Users/manuelquezada/.m2/repository/org/eclipse/jetty/jetty-server/9.4.18.v20190429/jetty-server-9.4.18.v20190429.jar:/Users/manuelquezada/.m2/repository/javax/servlet/javax.servlet-api/3.1.0/javax.servlet-api-3.1.0.jar:/Users/manuelquezada/.m2/repository/org/eclipse/jetty/jetty-http/9.4.18.v20190429/jetty-http-9.4.18.v20190429.jar:/Users/manuelquezada/.m2/repository/org/eclipse/jetty/jetty-util/9.4.18.v20190429/jetty-util-9.4.18.v20190429.jar:/Users/manuelquezada/.m2/repository/org/eclipse/jetty/jetty-io/9.4.18.v20190429/jetty-io-9.4.18.v20190429.jar:/Users/manuelquezada/.m2/repository/org/eclipse/jetty/jetty-webapp/9.4.18.v20190429/jetty-webapp-9.4.18.v20190429.jar:/Users/manuelquezada/.m2/repository/org/eclipse/jetty/jetty-xml/9.4.18.v20190429/jetty-xml-9.4.18.v20190429.jar:/Users/manuelquezada/.m2/repository/org/eclipse/jetty/jetty-servlet/9.4.18.v20190429/jetty-servlet-9.4.18.v20190429.jar:/Users/manuelquezada/.m2/repository/org/eclipse/jetty/jetty-security/9.4.18.v20190429/jetty-security-9.4.18.v20190429.jar:/Users/manuelquezada/.m2/repository/org/eclipse/jetty/websocket/websocket-server/9.4.18.v20190429/websocket-server-9.4.18.v20190429.jar:/Users/manuelquezada/.m2/repository/org/eclipse/jetty/websocket/websocket-common/9.4.18.v20190429/websocket-common-9.4.18.v20190429.jar:/Users/manuelquezada/.m2/repository/org/eclipse/jetty/websocket/websocket-client/9.4.18.v20190429/websocket-client-9.4.18.v20190429.jar:/Users/manuelquezada/.m2/repository/org/eclipse/jetty/jetty-client/9.4.18.v20190429/jetty-client-9.4.18.v20190429.jar:/Users/manuelquezada/.m2/repository/org/eclipse/jetty/websocket/websocket-servlet/9.4.18.v20190429/websocket-servlet-9.4.18.v20190429.jar:/Users/manuelquezada/.m2/repository/org/eclipse/jetty/websocket/websocket-api/9.4.18.v20190429/websocket-api-9.4.18.v20190429.jar:/Users/manuelquezada/.m2/repository/com/sparkjava/spark-template-freemarker/2.7.1/spark-template-freemarker-2.7.1.jar:/Users/manuelquezada/.m2/repository/org/freemarker/freemarker/2.3.26-incubating/freemarker-2.3.26-incubating.jar:/Users/manuelquezada/.m2/repository/org/xerial/sqlite-jdbc/3.30.1/sqlite-jdbc-3.30.1.jar:"/>
    <property name="sun.cpu.endian" value="little"/>
    <property name="user.home" value="/Users/manuelquezada"/>
    <property name="user.language" value="en"/>
    <property name="java.specification.vendor" value="Oracle Corporation"/>
    <property name="java.version.date" value="2022-01-18"/>
    <property name="java.home" value="/Library/Java/JavaVirtualMachines/jdk-17.0.2.jdk/Contents/Home"/>
    <property name="file.separator" value="/"/>
    <property name="basedir" value="/Users/manuelquezada/Desktop/browncs/course/cs0320/projects/term-project-cpelling-ehinds3-mfleisc1-mquezad1/backend"/>
    <property name="java.vm.compressedOopsMode" value="Zero based"/>
    <property name="line.separator" value="&#10;"/>
    <property name="java.specification.name" value="Java Platform API Specification"/>
    <property name="java.vm.specification.vendor" value="Oracle Corporation"/>
<<<<<<< HEAD
    <property name="surefire.real.class.path" value="/Users/manuelquezada/Desktop/browncs/course/cs0320/projects/term-project-cpelling-ehinds3-mfleisc1-mquezad1/backend/target/surefire/surefirebooter16383670099108589538.jar"/>
=======
    <property name="surefire.real.class.path" value="/Users/mayafleischer/Desktop/cs32/term-project-cpelling-ehinds3-mfleisc1-mquezad1/backend/target/surefire/surefirebooter16910907246309609655.jar"/>
>>>>>>> cb2d56ff (reviews addinggit add -A)
    <property name="sun.management.compiler" value="HotSpot 64-Bit Tiered Compilers"/>
    <property name="ftp.nonProxyHosts" value="local|*.local|169.254/16|*.169.254/16"/>
    <property name="java.runtime.version" value="17.0.2+8-LTS-86"/>
    <property name="user.name" value="manuelquezada"/>
    <property name="path.separator" value=":"/>
    <property name="os.version" value="12.2"/>
    <property name="java.runtime.name" value="Java(TM) SE Runtime Environment"/>
    <property name="file.encoding" value="UTF-8"/>
    <property name="java.vm.name" value="Java HotSpot(TM) 64-Bit Server VM"/>
    <property name="localRepository" value="/Users/manuelquezada/.m2/repository"/>
    <property name="java.vendor.url.bug" value="https://bugreport.java.com/bugreport/"/>
    <property name="java.io.tmpdir" value="/var/folders/8q/8tcypdw14mv05gxqxrtwmhzr0000gn/T/"/>
    <property name="java.version" value="17.0.2"/>
    <property name="user.dir" value="/Users/manuelquezada/Desktop/browncs/course/cs0320/projects/term-project-cpelling-ehinds3-mfleisc1-mquezad1/backend"/>
    <property name="os.arch" value="x86_64"/>
    <property name="java.vm.specification.name" value="Java Virtual Machine Specification"/>
    <property name="native.encoding" value="UTF-8"/>
    <property name="java.library.path" value="/Users/manuelquezada/Library/Java/Extensions:/Library/Java/Extensions:/Network/Library/Java/Extensions:/System/Library/Java/Extensions:/usr/lib/java:."/>
    <property name="java.vm.info" value="mixed mode, sharing"/>
    <property name="java.vendor" value="Oracle Corporation"/>
    <property name="java.vm.version" value="17.0.2+8-LTS-86"/>
    <property name="sun.io.unicode.encoding" value="UnicodeBig"/>
    <property name="socksNonProxyHosts" value="local|*.local|169.254/16|*.169.254/16"/>
    <property name="java.class.version" value="61.0"/>
  </properties>
<<<<<<< HEAD
  <testcase name="TestNearestFountain" classname="edu.brown.cs.student.main.NearestFountainTest" time="0.366"/>
=======
  <testcase name="TestNearestFountain" classname="edu.brown.cs.student.main.NearestFountainTest" time="0.778"/>
>>>>>>> cb2d56ff (reviews addinggit add -A)
</testsuite>